\BOOKMARK [0][-]{chapter.1}{Metodi\040tradizionali}{}% 1
\BOOKMARK [1][-]{section.1.1}{JPEG}{chapter.1}% 2
\BOOKMARK [1][-]{section.1.2}{JPEG2000}{chapter.1}% 3
\BOOKMARK [1][-]{section.1.3}{BPG}{chapter.1}% 4
\BOOKMARK [1][-]{section.1.4}{VVC}{chapter.1}% 5
\BOOKMARK [0][-]{chapter.2}{Metodi\040con\040apprendimento\040automatico}{}% 6
\BOOKMARK [1][-]{section.2.1}{\376\377\000B\000a\000l\000l\000\351\000\040\0002\0000\0001\0008}{chapter.2}% 7
\BOOKMARK [1][-]{section.2.2}{Cheng\0402020}{chapter.2}% 8
\BOOKMARK [1][-]{section.2.3}{Yang\0402021}{chapter.2}% 9
\BOOKMARK [1][-]{section.2.4}{Wang\0402022}{chapter.2}% 10
\BOOKMARK [0][-]{chapter.3}{Valutazione\040delle\040prestazioni}{}% 11
\BOOKMARK [1][-]{section.3.1}{Metriche\040utlizzate}{chapter.3}% 12
\BOOKMARK [2][-]{subsection.3.1.1}{BPP}{section.3.1}% 13
\BOOKMARK [2][-]{subsection.3.1.2}{Tempo\040di\040codifica}{section.3.1}% 14
\BOOKMARK [2][-]{subsection.3.1.3}{PSNR}{section.3.1}% 15
\BOOKMARK [2][-]{subsection.3.1.4}{MSSIM}{section.3.1}% 16
\BOOKMARK [2][-]{subsection.3.1.5}{LPIPS}{section.3.1}% 17
\BOOKMARK [1][-]{section.3.2}{Presentazione\040dei\040risultati}{chapter.3}% 18
\BOOKMARK [0][-]{chapter.4}{Sviluppi\040futuri}{}% 19
\BOOKMARK [1][-]{section.4.1}{Possibili\040ottimizzazioni}{chapter.4}% 20
\BOOKMARK [2][-]{subsection.4.1.1}{Spectral\040ADAM}{section.4.1}% 21
\BOOKMARK [1][-]{section.4.2}{Dispoitivi\040mobili}{chapter.4}% 22
\BOOKMARK [2][-]{subsection.4.2.1}{Small\040CAE}{section.4.2}% 23
\BOOKMARK [0][-]{chapter.5}{Conclusioni}{}% 24
\BOOKMARK [0][-]{chapter*.5}{Bibliografia}{}% 25
